Success (5):
content 5986 _a-0000e255-ca76-8000-23f0-01ef9001ef90_34552 "AMS ALL"
content 5997 _a-0000e255-ca76-8000-23f0-01ef9001ef90_34558 "AMS_GetUsername"
content 5988 _a-0000e255-ca76-8000-23f0-01ef9001ef90_34564 "AMS_VALUE"
content 5991 _a-0000e255-ca76-8000-23f0-01ef9001ef90_34581 "AMS_getUsername2"
application 5340 _a-0000e255-ca76-8000-23f0-01ef9001ef90_30209 "AMS"

Trace:
2019-04-15 08:42:35.766 DEBUG application 5340 _a-0000e255-ca76-8000-23f0-01ef9001ef90_30209 Begin transport.
2019-04-15 08:42:35.766 DEBUG application 5340 _a-0000e255-ca76-8000-23f0-01ef9001ef90_30209 Retrieving object data.
2019-04-15 08:42:35.771 DEBUG application 5340 _a-0000e255-ca76-8000-23f0-01ef9001ef90_30209 App associated objects: [content=[_a-0000e255-ca76-8000-23f0-01ef9001ef90_30214, _a-0000e255-ca76-8000-23f0-01ef9001ef90_30219, _a-0000e255-ca76-8000-23f0-01ef9001ef90_30225, _a-0000e255-ca76-8000-23f0-01ef9001ef90_30281, _a-0000e255-ca76-8000-23f0-01ef9001ef90_30624, _a-0000e255-ca76-8000-23f0-01ef9001ef90_34552, _a-0000e255-ca76-8000-23f0-01ef9001ef90_34558, _a-0000e255-ca76-8000-23f0-01ef9001ef90_34564, _a-0000e255-ca76-8000-23f0-01ef9001ef90_34581]]
2019-04-15 08:42:35.772 DEBUG application 5340 _a-0000e255-ca76-8000-23f0-01ef9001ef90_30209 Invalid associated objects: [content=[_a-0000e255-ca76-8000-23f0-01ef9001ef90_30214, _a-0000e255-ca76-8000-23f0-01ef9001ef90_30219, _a-0000e255-ca76-8000-23f0-01ef9001ef90_30225, _a-0000e255-ca76-8000-23f0-01ef9001ef90_30281, _a-0000e255-ca76-8000-23f0-01ef9001ef90_30624]]
2019-04-15 08:42:35.772 DEBUG application 5340 _a-0000e255-ca76-8000-23f0-01ef9001ef90_30209 Adding valid associated objects to be exported: GlobalBindingMap[content={_a-0000e255-ca76-8000-23f0-01ef9001ef90_34552=5986, _a-0000e255-ca76-8000-23f0-01ef9001ef90_34558=5997, _a-0000e255-ca76-8000-23f0-01ef9001ef90_34564=5988, _a-0000e255-ca76-8000-23f0-01ef9001ef90_34581=5991}]
2019-04-15 08:42:35.772 DEBUG application 5340 _a-0000e255-ca76-8000-23f0-01ef9001ef90_30209 Setting uuids of object references.
2019-04-15 08:42:35.773 DEBUG application 5340 _a-0000e255-ca76-8000-23f0-01ef9001ef90_30209 Processing reference: Application.forum
2019-04-15 08:42:35.773 DEBUG application 5340 _a-0000e255-ca76-8000-23f0-01ef9001ef90_30209 Processing reference: Application.parent
2019-04-15 08:42:35.777 DEBUG application 5340 _a-0000e255-ca76-8000-23f0-01ef9001ef90_30209 Processing reference: com.appiancorp.suiteapi.content.ContentRoleMap@23413635[
  ContentRole[name=readers,inherit=false,allowForAll=false]
  ContentRole[name=authors,inherit=false,allowForAll=false]
  ContentRole[name=administrators,inherit=false,allowForAll=false]
  ContentRole[name=denyReaders,inherit=false,allowForAll=false]
  ContentRole[name=denyAuthors,inherit=false,allowForAll=false]
  ContentRole[name=denyAdministrators,inherit=false,allowForAll=false]
  securityVector=1:SEC_PUBLIC=true,SEC_CREATOR_ADMIN=false,SEC_INH_ADMIN=false,SEC_INH_EDITOR=false,SEC_INH_VIEWER=false,SEC_ALL_ADMIN=false,SEC_ALL_EDITOR=false,SEC_ALL_VIEWER=false
]
2019-04-15 08:42:35.777 DEBUG application 5340 _a-0000e255-ca76-8000-23f0-01ef9001ef90_30209 Processing reference: ContentRole[name=readers,inherit=false,allowForAll=false]
2019-04-15 08:42:35.777 DEBUG application 5340 _a-0000e255-ca76-8000-23f0-01ef9001ef90_30209 Processing reference: ContentRole[name=authors,inherit=false,allowForAll=false]
2019-04-15 08:42:35.777 DEBUG application 5340 _a-0000e255-ca76-8000-23f0-01ef9001ef90_30209 Processing reference: ContentRole[name=administrators,inherit=false,allowForAll=false]
2019-04-15 08:42:35.777 DEBUG application 5340 _a-0000e255-ca76-8000-23f0-01ef9001ef90_30209 Processing reference: ContentRole[name=denyReaders,inherit=false,allowForAll=false]
2019-04-15 08:42:35.777 DEBUG application 5340 _a-0000e255-ca76-8000-23f0-01ef9001ef90_30209 Processing reference: ContentRole[name=denyAuthors,inherit=false,allowForAll=false]
2019-04-15 08:42:35.777 DEBUG application 5340 _a-0000e255-ca76-8000-23f0-01ef9001ef90_30209 Processing reference: ContentRole[name=denyAdministrators,inherit=false,allowForAll=false]
2019-04-15 08:42:35.779 DEBUG content 5986 _a-0000e255-ca76-8000-23f0-01ef9001ef90_34552 Begin transport.
2019-04-15 08:42:35.779 DEBUG content 5986 _a-0000e255-ca76-8000-23f0-01ef9001ef90_34552 Retrieving object data.
2019-04-15 08:42:35.788 DEBUG content 5986 _a-0000e255-ca76-8000-23f0-01ef9001ef90_34552 Setting uuids of object references.
2019-04-15 08:42:35.788 DEBUG content 5986 _a-0000e255-ca76-8000-23f0-01ef9001ef90_34552 Processing reference: RulesFolder.forum
2019-04-15 08:42:35.788 DEBUG content 5986 _a-0000e255-ca76-8000-23f0-01ef9001ef90_34552 Processing reference: RulesFolder.parent
2019-04-15 08:42:35.791 DEBUG content 5986 _a-0000e255-ca76-8000-23f0-01ef9001ef90_34552 Processing reference: com.appiancorp.suiteapi.content.ContentRoleMap@6ee9d76b[
  ContentRole[name=readers,inherit=false,allowForAll=false]
  ContentRole[name=authors,inherit=false,allowForAll=false]
  ContentRole[name=administrators,inherit=false,allowForAll=false]
  ContentRole[name=denyReaders,inherit=false,allowForAll=false]
  ContentRole[name=denyAuthors,inherit=false,allowForAll=false]
  ContentRole[name=denyAdministrators,inherit=false,allowForAll=false]
  securityVector=1:SEC_PUBLIC=true,SEC_CREATOR_ADMIN=false,SEC_INH_ADMIN=false,SEC_INH_EDITOR=false,SEC_INH_VIEWER=false,SEC_ALL_ADMIN=false,SEC_ALL_EDITOR=false,SEC_ALL_VIEWER=false
]
2019-04-15 08:42:35.791 DEBUG content 5986 _a-0000e255-ca76-8000-23f0-01ef9001ef90_34552 Processing reference: ContentRole[name=readers,inherit=false,allowForAll=false]
2019-04-15 08:42:35.791 DEBUG content 5986 _a-0000e255-ca76-8000-23f0-01ef9001ef90_34552 Processing reference: ContentRole[name=authors,inherit=false,allowForAll=false]
2019-04-15 08:42:35.791 DEBUG content 5986 _a-0000e255-ca76-8000-23f0-01ef9001ef90_34552 Processing reference: ContentRole[name=administrators,inherit=false,allowForAll=false]
2019-04-15 08:42:35.791 DEBUG content 5986 _a-0000e255-ca76-8000-23f0-01ef9001ef90_34552 Processing reference: ContentRole[name=denyReaders,inherit=false,allowForAll=false]
2019-04-15 08:42:35.791 DEBUG content 5986 _a-0000e255-ca76-8000-23f0-01ef9001ef90_34552 Processing reference: ContentRole[name=denyAuthors,inherit=false,allowForAll=false]
2019-04-15 08:42:35.791 DEBUG content 5986 _a-0000e255-ca76-8000-23f0-01ef9001ef90_34552 Processing reference: ContentRole[name=denyAdministrators,inherit=false,allowForAll=false]
2019-04-15 08:42:35.791 DEBUG content 5986 _a-0000e255-ca76-8000-23f0-01ef9001ef90_34552 Completing produce.
2019-04-15 08:42:35.791 DEBUG content 5986 _a-0000e255-ca76-8000-23f0-01ef9001ef90_34552 Exporting binary resources.
2019-04-15 08:42:35.791 DEBUG content 5986 _a-0000e255-ca76-8000-23f0-01ef9001ef90_34552 Serializing object to XML.
2019-04-15 08:42:35.792 DEBUG content 5986 _a-0000e255-ca76-8000-23f0-01ef9001ef90_34552 Object transported.
2019-04-15 08:42:35.792 DEBUG content 5997 _a-0000e255-ca76-8000-23f0-01ef9001ef90_34558 Begin transport.
2019-04-15 08:42:35.792 DEBUG content 5997 _a-0000e255-ca76-8000-23f0-01ef9001ef90_34558 Retrieving object data.
2019-04-15 08:42:35.801 DEBUG content 5997 _a-0000e255-ca76-8000-23f0-01ef9001ef90_34558 Setting uuids of object references.
2019-04-15 08:42:35.801 DEBUG content 5997 _a-0000e255-ca76-8000-23f0-01ef9001ef90_34558 Processing reference: [Content:id=5987,versionId=-1,name=AMS_GetUsername,type=32,subtype=1,uuid=_a-0000e255-ca76-8000-23f0-01ef9001ef90_34558,parent=5986]
2019-04-15 08:42:35.801 DEBUG content 5997 _a-0000e255-ca76-8000-23f0-01ef9001ef90_34558 Processing reference: FreeformRule.forum
2019-04-15 08:42:35.801 DEBUG content 5997 _a-0000e255-ca76-8000-23f0-01ef9001ef90_34558 Processing reference: FreeformRule.parent
2019-04-15 08:42:35.804 DEBUG content 5997 _a-0000e255-ca76-8000-23f0-01ef9001ef90_34558 Processing reference: com.appiancorp.suiteapi.content.ContentRoleMap@290d2de3[
  ContentRole[name=readers,inherit=true,allowForAll=false]
  ContentRole[name=authors,inherit=true,allowForAll=false]
  ContentRole[name=administrators,inherit=true,allowForAll=false]
  ContentRole[name=denyReaders,inherit=false,allowForAll=false]
  ContentRole[name=denyAuthors,inherit=false,allowForAll=false]
  ContentRole[name=denyAdministrators,inherit=false,allowForAll=false]
  securityVector=15:SEC_PUBLIC=true,SEC_CREATOR_ADMIN=false,SEC_INH_ADMIN=true,SEC_INH_EDITOR=true,SEC_INH_VIEWER=true,SEC_ALL_ADMIN=false,SEC_ALL_EDITOR=false,SEC_ALL_VIEWER=false
]
2019-04-15 08:42:35.804 DEBUG content 5997 _a-0000e255-ca76-8000-23f0-01ef9001ef90_34558 Processing reference: ContentRole[name=readers,inherit=true,allowForAll=false]
2019-04-15 08:42:35.804 DEBUG content 5997 _a-0000e255-ca76-8000-23f0-01ef9001ef90_34558 Processing reference: ContentRole[name=authors,inherit=true,allowForAll=false]
2019-04-15 08:42:35.804 DEBUG content 5997 _a-0000e255-ca76-8000-23f0-01ef9001ef90_34558 Processing reference: ContentRole[name=administrators,inherit=true,allowForAll=false]
2019-04-15 08:42:35.804 DEBUG content 5997 _a-0000e255-ca76-8000-23f0-01ef9001ef90_34558 Processing reference: ContentRole[name=denyReaders,inherit=false,allowForAll=false]
2019-04-15 08:42:35.804 DEBUG content 5997 _a-0000e255-ca76-8000-23f0-01ef9001ef90_34558 Processing reference: ContentRole[name=denyAuthors,inherit=false,allowForAll=false]
2019-04-15 08:42:35.804 DEBUG content 5997 _a-0000e255-ca76-8000-23f0-01ef9001ef90_34558 Processing reference: ContentRole[name=denyAdministrators,inherit=false,allowForAll=false]
2019-04-15 08:42:35.805 DEBUG content 5997 _a-0000e255-ca76-8000-23f0-01ef9001ef90_34558 Completing produce.
2019-04-15 08:42:35.805 DEBUG content 5997 _a-0000e255-ca76-8000-23f0-01ef9001ef90_34558 Exporting binary resources.
2019-04-15 08:42:35.805 DEBUG content 5997 _a-0000e255-ca76-8000-23f0-01ef9001ef90_34558 Serializing object to XML.
2019-04-15 08:42:35.805 DEBUG content 5997 _a-0000e255-ca76-8000-23f0-01ef9001ef90_34558 Object transported.
2019-04-15 08:42:35.805 DEBUG content 5988 _a-0000e255-ca76-8000-23f0-01ef9001ef90_34564 Begin transport.
2019-04-15 08:42:35.805 DEBUG content 5988 _a-0000e255-ca76-8000-23f0-01ef9001ef90_34564 Retrieving object data.
2019-04-15 08:42:35.813 DEBUG content 5988 _a-0000e255-ca76-8000-23f0-01ef9001ef90_34564 Setting uuids of object references.
2019-04-15 08:42:35.813 DEBUG content 5988 _a-0000e255-ca76-8000-23f0-01ef9001ef90_34564 Processing reference: [Content:id=5988,versionId=-1,name=AMS_VALUE,type=32,subtype=0,uuid=_a-0000e255-ca76-8000-23f0-01ef9001ef90_34564,parent=5986]
2019-04-15 08:42:35.813 DEBUG content 5988 _a-0000e255-ca76-8000-23f0-01ef9001ef90_34564 Processing reference: Constant.forum
2019-04-15 08:42:35.814 DEBUG content 5988 _a-0000e255-ca76-8000-23f0-01ef9001ef90_34564 Processing reference: Constant.parent
2019-04-15 08:42:35.816 DEBUG content 5988 _a-0000e255-ca76-8000-23f0-01ef9001ef90_34564 Processing reference: com.appiancorp.suiteapi.content.ContentRoleMap@42d672eb[
  ContentRole[name=readers,inherit=true,allowForAll=false]
  ContentRole[name=authors,inherit=true,allowForAll=false]
  ContentRole[name=administrators,inherit=true,allowForAll=false]
  ContentRole[name=denyReaders,inherit=false,allowForAll=false]
  ContentRole[name=denyAuthors,inherit=false,allowForAll=false]
  ContentRole[name=denyAdministrators,inherit=false,allowForAll=false]
  securityVector=15:SEC_PUBLIC=true,SEC_CREATOR_ADMIN=false,SEC_INH_ADMIN=true,SEC_INH_EDITOR=true,SEC_INH_VIEWER=true,SEC_ALL_ADMIN=false,SEC_ALL_EDITOR=false,SEC_ALL_VIEWER=false
]
2019-04-15 08:42:35.816 DEBUG content 5988 _a-0000e255-ca76-8000-23f0-01ef9001ef90_34564 Processing reference: ContentRole[name=readers,inherit=true,allowForAll=false]
2019-04-15 08:42:35.816 DEBUG content 5988 _a-0000e255-ca76-8000-23f0-01ef9001ef90_34564 Processing reference: ContentRole[name=authors,inherit=true,allowForAll=false]
2019-04-15 08:42:35.816 DEBUG content 5988 _a-0000e255-ca76-8000-23f0-01ef9001ef90_34564 Processing reference: ContentRole[name=administrators,inherit=true,allowForAll=false]
2019-04-15 08:42:35.816 DEBUG content 5988 _a-0000e255-ca76-8000-23f0-01ef9001ef90_34564 Processing reference: ContentRole[name=denyReaders,inherit=false,allowForAll=false]
2019-04-15 08:42:35.816 DEBUG content 5988 _a-0000e255-ca76-8000-23f0-01ef9001ef90_34564 Processing reference: ContentRole[name=denyAuthors,inherit=false,allowForAll=false]
2019-04-15 08:42:35.816 DEBUG content 5988 _a-0000e255-ca76-8000-23f0-01ef9001ef90_34564 Processing reference: ContentRole[name=denyAdministrators,inherit=false,allowForAll=false]
2019-04-15 08:42:35.817 DEBUG content 5988 _a-0000e255-ca76-8000-23f0-01ef9001ef90_34564 Completing produce.
2019-04-15 08:42:35.817 DEBUG content 5988 _a-0000e255-ca76-8000-23f0-01ef9001ef90_34564 Exporting binary resources.
2019-04-15 08:42:35.817 DEBUG content 5988 _a-0000e255-ca76-8000-23f0-01ef9001ef90_34564 Serializing object to XML.
2019-04-15 08:42:36.019 DEBUG content 5988 _a-0000e255-ca76-8000-23f0-01ef9001ef90_34564 Object transported.
2019-04-15 08:42:36.019 DEBUG content 5991 _a-0000e255-ca76-8000-23f0-01ef9001ef90_34581 Begin transport.
2019-04-15 08:42:36.019 DEBUG content 5991 _a-0000e255-ca76-8000-23f0-01ef9001ef90_34581 Retrieving object data.
2019-04-15 08:42:36.028 DEBUG content 5991 _a-0000e255-ca76-8000-23f0-01ef9001ef90_34581 Setting uuids of object references.
2019-04-15 08:42:36.029 DEBUG content 5991 _a-0000e255-ca76-8000-23f0-01ef9001ef90_34581 Processing reference: [Content:id=5991,versionId=-1,name=AMS_getUsername2,type=32,subtype=1,uuid=_a-0000e255-ca76-8000-23f0-01ef9001ef90_34581,parent=5986]
2019-04-15 08:42:36.029 DEBUG content 5991 _a-0000e255-ca76-8000-23f0-01ef9001ef90_34581 Processing reference: FreeformRule.forum
2019-04-15 08:42:36.029 DEBUG content 5991 _a-0000e255-ca76-8000-23f0-01ef9001ef90_34581 Processing reference: FreeformRule.parent
2019-04-15 08:42:36.033 DEBUG content 5991 _a-0000e255-ca76-8000-23f0-01ef9001ef90_34581 Processing reference: com.appiancorp.suiteapi.content.ContentRoleMap@56f597ec[
  ContentRole[name=readers,inherit=true,allowForAll=false]
  ContentRole[name=authors,inherit=true,allowForAll=false]
  ContentRole[name=administrators,inherit=true,allowForAll=false]
  ContentRole[name=denyReaders,inherit=false,allowForAll=false]
  ContentRole[name=denyAuthors,inherit=false,allowForAll=false]
  ContentRole[name=denyAdministrators,inherit=false,allowForAll=false]
  securityVector=15:SEC_PUBLIC=true,SEC_CREATOR_ADMIN=false,SEC_INH_ADMIN=true,SEC_INH_EDITOR=true,SEC_INH_VIEWER=true,SEC_ALL_ADMIN=false,SEC_ALL_EDITOR=false,SEC_ALL_VIEWER=false
]
2019-04-15 08:42:36.033 DEBUG content 5991 _a-0000e255-ca76-8000-23f0-01ef9001ef90_34581 Processing reference: ContentRole[name=readers,inherit=true,allowForAll=false]
2019-04-15 08:42:36.033 DEBUG content 5991 _a-0000e255-ca76-8000-23f0-01ef9001ef90_34581 Processing reference: ContentRole[name=authors,inherit=true,allowForAll=false]
2019-04-15 08:42:36.033 DEBUG content 5991 _a-0000e255-ca76-8000-23f0-01ef9001ef90_34581 Processing reference: ContentRole[name=administrators,inherit=true,allowForAll=false]
2019-04-15 08:42:36.033 DEBUG content 5991 _a-0000e255-ca76-8000-23f0-01ef9001ef90_34581 Processing reference: ContentRole[name=denyReaders,inherit=false,allowForAll=false]
2019-04-15 08:42:36.033 DEBUG content 5991 _a-0000e255-ca76-8000-23f0-01ef9001ef90_34581 Processing reference: ContentRole[name=denyAuthors,inherit=false,allowForAll=false]
2019-04-15 08:42:36.033 DEBUG content 5991 _a-0000e255-ca76-8000-23f0-01ef9001ef90_34581 Processing reference: ContentRole[name=denyAdministrators,inherit=false,allowForAll=false]
2019-04-15 08:42:36.033 DEBUG content 5991 _a-0000e255-ca76-8000-23f0-01ef9001ef90_34581 Completing produce.
2019-04-15 08:42:36.033 DEBUG content 5991 _a-0000e255-ca76-8000-23f0-01ef9001ef90_34581 Exporting binary resources.
2019-04-15 08:42:36.033 DEBUG content 5991 _a-0000e255-ca76-8000-23f0-01ef9001ef90_34581 Serializing object to XML.
2019-04-15 08:42:36.033 DEBUG content 5991 _a-0000e255-ca76-8000-23f0-01ef9001ef90_34581 Object transported.
2019-04-15 08:42:36.033 DEBUG application 5340 _a-0000e255-ca76-8000-23f0-01ef9001ef90_30209 Completing produce.
2019-04-15 08:42:36.033 DEBUG application 5340 _a-0000e255-ca76-8000-23f0-01ef9001ef90_30209 Exporting binary resources.
2019-04-15 08:42:36.033 DEBUG application 5340 _a-0000e255-ca76-8000-23f0-01ef9001ef90_30209 Serializing object to XML.
2019-04-15 08:42:36.034 DEBUG application 5340 _a-0000e255-ca76-8000-23f0-01ef9001ef90_30209 Object transported.
